Mod_uwr__Regalloc: Starting register-allocation
Mod_uwr__Regalloc: Starting iteration main-loop 0
Xi_lib__Logger: Dumping 055.regalloc._I_sort_ai_.begin-loop
Xi_lib__Measure: init: execution time 0.000019
Mod_uwr__Regalloc: Starting iteration build-coalescence 0
Mod_uwr__Regalloc: building interference graph
Xi_lib__Logger: Dumping 056.regalloc._I_sort_ai_.before-inf-build.lva.xdot
Xi_lib__Logger: Dumping 057.regalloc._I_sort_ai_.before-simplify.infg.xdot
Xi_lib__Measure: build: execution time 0.041665
Mod_uwr__Regcoalescing: merging %tmp26 %hard21
Mod_uwr__Regcoalescing: merging %tmp0 %hard4
Mod_uwr__Regcoalescing: merging %tmp4 %tmp13
Mod_uwr__Regcoalescing: merging %tmp28 %hard23
Mod_uwr__Regcoalescing: merging %tmp23 %hard18
Mod_uwr__Regcoalescing: merging %tmp25 %hard20
Mod_uwr__Regcoalescing: merging %tmp21 %hard16
Mod_uwr__Regcoalescing: merging %tmp1 %tmp14
Mod_uwr__Regcoalescing: merging %tmp24 %hard19
Mod_uwr__Regcoalescing: merging %tmp22 %hard17
Mod_uwr__Regcoalescing: merging %tmp27 %hard22
Xi_lib__Logger: Dumping 058.regalloc._I_sort_ai_.coalescence
Xi_lib__Measure: coalescence: execution time 0.020827
Xi_lib__Measure: iteration: execution time 0.062712
Mod_uwr__Regalloc: Starting iteration build-coalescence 1
Mod_uwr__Regalloc: building interference graph
Xi_lib__Logger: Dumping 059.regalloc._I_sort_ai_.before-inf-build.lva.xdot
Xi_lib__Logger: Dumping 060.regalloc._I_sort_ai_.before-simplify.infg.xdot
Xi_lib__Measure: build: execution time 0.026313
Xi_lib__Logger: Dumping 061.regalloc._I_sort_ai_.coalescence
Xi_lib__Measure: coalescence: execution time 0.005390
Xi_lib__Measure: iteration: execution time 0.031874
Xi_lib__Measure: build-coalescence : execution time 0.094787
Mod_uwr__Regalloc: Computing dominators
Mod_uwr__Regalloc: Computing natural-loops
Mod_uwr__Regalloc: Computing spill-costs
Xi_lib__Logger: Dumping 062.regalloc._I_sort_ai_.spill_costs
Xi_lib__Measure: spillcosts: execution time 0.004415
Mod_uwr__Regalloc: Stacking register %tmp31 of degree 10
Mod_uwr__Regalloc: Stacking register %tmp32 of degree 10
Mod_uwr__Regalloc: Stacking register %tmp29 of degree 11
Mod_uwr__Regalloc: Stacking register %tmp2 of degree 11
Mod_uwr__Regalloc: Stacking register %tmp13 of degree 10
Mod_uwr__Regalloc: Stacking register %tmp30 of degree 9
Mod_uwr__Regalloc: Stacking register %tmp14 of degree 9
Mod_uwr__Regalloc: No more temporary registers in interference-graph
Xi_lib__Measure: simplify: execution time 0.000781
Mod_uwr__Regalloc: Picking color for %tmp14
Mod_uwr__Regalloc: Neighbours have colors: 3 17 18 19 20 21 22 23 24
Mod_uwr__Regalloc: Selected color is 0
Mod_uwr__Regalloc: Picking color for %tmp30
Mod_uwr__Regalloc: Neighbours have colors: 0 17 18 19 20 21 22 23 24
Mod_uwr__Regalloc: Selected color is 1
Mod_uwr__Regalloc: Picking color for %tmp13
Mod_uwr__Regalloc: Neighbours have colors: 0 1 17 18 19 20 21 22 23 24
Mod_uwr__Regalloc: Selected color is 2
Mod_uwr__Regalloc: Picking color for %tmp2
Mod_uwr__Regalloc: Neighbours have colors: 0 1 2 17 18 19 20 21 22 23 24
Mod_uwr__Regalloc: Selected color is 3
Mod_uwr__Regalloc: Picking color for %tmp29
Mod_uwr__Regalloc: Neighbours have colors: 0 2 3 17 18 19 20 21 22 23 24
Mod_uwr__Regalloc: Selected color is 1
Mod_uwr__Regalloc: Picking color for %tmp32
Mod_uwr__Regalloc: Neighbours have colors: 0 3 17 18 19 20 21 22 23 24
Mod_uwr__Regalloc: Selected color is 1
Mod_uwr__Regalloc: Picking color for %tmp31
Mod_uwr__Regalloc: Neighbours have colors: 0 3 17 18 19 20 21 22 23 24
Mod_uwr__Regalloc: Selected color is 1
Xi_lib__Measure: select: execution time 0.001192
Mod_uwr__Regalloc: Actual spills: []
Xi_lib__Measure: spill: execution time 0.000152
Xi_lib__Measure: iteration: execution time 0.106341
Xi_lib__Logger: Dumping 063.regalloc._I_sort_ai_.regmapping
Xi_lib__Measure: regalloc: execution time 0.112930
Xi_lib__Logger: Dumping 064.regalloc._I_sort_ai_.final.irproc
